0 verbose cli /root/.nvm/versions/node/v22.18.0/bin/node /root/.nvm/versions/node/v22.18.0/bin/npm
1 info using npm@11.6.2
2 info using node@v22.18.0
3 silly config load:file:/root/.nvm/versions/node/v22.18.0/lib/node_modules/npm/npmrc
4 silly config load:file:/root/dev/hirarijs/loader/.npmrc
5 silly config load:file:/root/.npmrc
6 silly config load:file:/root/.nvm/versions/node/v22.18.0/etc/npmrc
7 verbose title npm publish packages/loader
8 verbose argv "publish" "packages/loader" "--access" "public" "--registry" "https://registry.npmjs.org"
9 verbose logfile logs-max:10 dir:/root/dev/hirarijs/loader/.npm-cache/_logs/2026-01-01T06_43_41_167Z-
10 verbose logfile /root/dev/hirarijs/loader/.npm-cache/_logs/2026-01-01T06_43_41_167Z-debug-0.log
11 silly logfile done cleaning log files
12 http fetch GET https://registry.npmjs.org/npm attempt 1 failed with EPERM
13 verbose publish [ 'packages/loader' ]
14 verbose stack Error: An unknown git error occurred
14 verbose stack     at makeError (/root/.nvm/versions/node/v22.18.0/lib/node_modules/npm/node_modules/@npmcli/git/lib/make-error.js:28:13)
14 verbose stack     at /root/.nvm/versions/node/v22.18.0/lib/node_modules/npm/node_modules/@npmcli/git/lib/spawn.js:37:26
14 verbose stack     at process.processTicksAndRejections (node:internal/process/task_queues:105:5)
14 verbose stack     at async module.exports (/root/.nvm/versions/node/v22.18.0/lib/node_modules/npm/node_modules/@npmcli/git/lib/revs.js:18:22)
14 verbose stack     at async /root/.nvm/versions/node/v22.18.0/lib/node_modules/npm/node_modules/pacote/lib/git.js:258:19
14 verbose stack     at async withTempDir (/root/.nvm/versions/node/v22.18.0/lib/node_modules/npm/node_modules/@npmcli/fs/lib/with-temp-dir.js:21:14)
14 verbose stack     at async #getManifest (/root/.nvm/versions/node/v22.18.0/lib/node_modules/npm/lib/commands/publish.js:261:18)
14 verbose stack     at async #publish (/root/.nvm/versions/node/v22.18.0/lib/node_modules/npm/lib/commands/publish.js:89:20)
14 verbose stack     at async Publish.exec (/root/.nvm/versions/node/v22.18.0/lib/node_modules/npm/lib/commands/publish.js:47:5)
14 verbose stack     at async Npm.exec (/root/.nvm/versions/node/v22.18.0/lib/node_modules/npm/lib/npm.js:208:9)
15 error code 128
16 error An unknown git error occurred
17 error command git --no-replace-objects ls-remote ssh://git@github.com/packages/loader.git
18 error ssh: Could not resolve hostname github.com: Temporary failure in name resolution
18 error fatal: Could not read from remote repository.
18 error
18 error Please make sure you have the correct access rights
18 error and the repository exists.
19 verbose cwd /root/dev/hirarijs/loader
20 verbose os Linux 6.8.0-88-generic
21 verbose node v22.18.0
22 verbose npm  v11.6.2
23 verbose exit 128
24 verbose code 128
25 error A complete log of this run can be found in: /root/dev/hirarijs/loader/.npm-cache/_logs/2026-01-01T06_43_41_167Z-debug-0.log
