0 verbose cli /root/.nvm/versions/node/v22.18.0/bin/node /root/.nvm/versions/node/v22.18.0/bin/npm
1 info using npm@11.6.2
2 info using node@v22.18.0
3 silly config load:file:/root/.nvm/versions/node/v22.18.0/lib/node_modules/npm/npmrc
4 silly config load:file:/root/dev/hirarijs/loader/.npmrc
5 silly config load:file:/root/.npmrc
6 silly config load:file:/root/.nvm/versions/node/v22.18.0/etc/npmrc
7 verbose title npm publish ./packages/loader
8 verbose argv "publish" "./packages/loader" "--access" "public" "--registry" "https://registry.npmjs.org"
9 verbose logfile logs-max:10 dir:/root/dev/hirarijs/loader/.npm-cache/_logs/2026-01-01T06_44_00_048Z-
10 verbose logfile /root/dev/hirarijs/loader/.npm-cache/_logs/2026-01-01T06_44_00_048Z-debug-0.log
11 silly logfile done cleaning log files
12 verbose publish [ './packages/loader' ]
13 silly packumentCache heap:2197815296 maxSize:549453824 maxEntrySize:274726912
14 notice
15 notice 📦  @hirarijs/loader@1.0.0
16 notice Tarball Contents
17 notice 293B dist/chunk-A4SNU5T3.js
17 notice 281B dist/chunk-BF2UZLZ5.js
17 notice 293B dist/chunk-N4I4R23P.js
17 notice 6.4kB dist/chunk-QGYOU3PW.js
17 notice 6.3kB dist/chunk-UYG4DQC7.js
17 notice 7.9kB dist/index.cjs
17 notice 1.8kB dist/index.d.cts
17 notice 1.8kB dist/index.d.ts
17 notice 307B dist/index.js
17 notice 7.0kB dist/loader.cjs
17 notice 186B dist/loader.d.cts
17 notice 186B dist/loader.d.ts
17 notice 362B dist/loader.js
17 notice 7.1kB dist/register-auto.cjs
17 notice 13B dist/register-auto.d.cts
17 notice 13B dist/register-auto.d.ts
17 notice 117B dist/register-auto.js
17 notice 7.6kB dist/register.cjs
17 notice 96B dist/register.d.cts
17 notice 96B dist/register.d.ts
17 notice 103B dist/register.js
17 notice 1.1kB package.json
18 notice Tarball Details
19 notice name: @hirarijs/loader
20 notice version: 1.0.0
21 notice filename: hirarijs-loader-1.0.0.tgz
22 notice package size: 5.4 kB
23 notice unpacked size: 49.4 kB
24 notice shasum: ac3a971156774363c48997ba8d569050c76da5fb
25 notice integrity: sha512-NRriT6kJkgbMX[...]voSINsUwpCiFA==
26 notice total files: 22
27 notice
28 http fetch GET https://registry.npmjs.org/@hirarijs%2floader attempt 1 failed with EPERM
29 http fetch GET https://registry.npmjs.org/@hirarijs%2floader attempt 2 failed with EPERM
30 http fetch GET https://registry.npmjs.org/@hirarijs%2floader attempt 3 failed with EPERM
31 notice Publishing to https://registry.npmjs.org/ with tag latest and public access
32 http fetch PUT https://registry.npmjs.org/@hirarijs%2floader attempt 1 failed with EPERM
33 http fetch PUT https://registry.npmjs.org/@hirarijs%2floader attempt 2 failed with EPERM
